<?xml version="1.0" encoding="UTF-8"?>
<!-- Generated by org.testng.reporters.JUnitReportReporter -->
<testsuite hostname="DESKTOP-IASR4KE" failures="0" tests="2" name="tests.InvM_InvoiceListTest" time="13.223" errors="0" timestamp="2022-02-15T17:18:01 ICT" skipped="0">
  <testcase classname="tests.InvM_InvoiceListTest" name="clickInvoiceManagement" time="0.109"/>
  <system-out/>
  <testcase classname="tests.InvM_InvoiceListTest" name="laphoadon1dongSuccess" time="13.114"/>
  <system-out/>
</testsuite> <!-- tests.InvM_InvoiceListTest -->
