<?xml version="1.0" encoding="UTF-8"?>
<!-- Generated by org.testng.reporters.JUnitReportReporter -->
<testsuite hostname="DESKTOP-IASR4KE" failures="0" tests="3" name="tests.Sys_UnitInforTest" time="8.272" errors="0" timestamp="2022-01-14T10:24:00 ICT" skipped="0">
  <testcase classname="tests.Sys_UnitInforTest" name="editUnitInformationSuccess" time="5.291"/>
  <system-out/>
  <testcase classname="tests.Sys_UnitInforTest" name="clickSystem" time="0.083"/>
  <system-out/>
  <testcase classname="tests.Sys_UnitInforTest" name="backunitInformation" time="2.898"/>
  <system-out/>
</testsuite> <!-- tests.Sys_UnitInforTest -->
