<?xml version="1.0" encoding="UTF-8"?>
<!-- Generated by org.testng.reporters.JUnitReportReporter -->
<testsuite hostname="DESKTOP-IASR4KE" failures="0" tests="4" name="tests.InvM_InvoiceListTest" time="51.424" errors="0" timestamp="2022-03-01T16:58:18 ICT" skipped="0">
  <testcase classname="tests.InvM_InvoiceListTest" name="phathanhkhongchonhoadon" time="1.327"/>
  <system-out/>
  <testcase classname="tests.InvM_InvoiceListTest" name="clickInvoiceManagement" time="0.101"/>
  <system-out/>
  <testcase classname="tests.InvM_InvoiceListTest" name="xoahoadon" time="4.803"/>
  <system-out/>
  <testcase classname="tests.InvM_InvoiceListTest" name="suahoadon" time="45.193"/>
  <system-out/>
</testsuite> <!-- tests.InvM_InvoiceListTest -->
