<?xml version="1.0" encoding="UTF-8"?>
<!-- Generated by org.testng.reporters.JUnitReportReporter -->
<testsuite hostname="DESKTOP-IASR4KE" failures="0" tests="1" name="tests.InvM_InvoiceListTest" time="2.165" errors="0" timestamp="2022-05-11T17:40:46 ICT" skipped="0">
  <testcase classname="tests.InvM_InvoiceListTest" name="clickInvoiceManagement" time="2.165"/>
  <system-out/>
</testsuite> <!-- tests.InvM_InvoiceListTest -->
