<?xml version="1.0" encoding="UTF-8"?>
<!-- Generated by org.testng.reporters.JUnitReportReporter -->
<testsuite hostname="DESKTOP-IASR4KE" failures="0" tests="10" name="tests.Sys_UserAdminTest" time="12.641" errors="0" timestamp="2022-01-14T10:24:00 ICT" skipped="0">
  <testcase classname="tests.Sys_UserAdminTest" name="create1RequiredFieldBlank2" time="1.173"/>
  <system-out/>
  <testcase classname="tests.Sys_UserAdminTest" name="notClickApprovedSuccess" time="3.349"/>
  <system-out/>
  <testcase classname="tests.Sys_UserAdminTest" name="create1RequiredFieldBlank4" time="0.977"/>
  <system-out/>
  <testcase classname="tests.Sys_UserAdminTest" name="clickUserAdministration" time="0.304"/>
  <system-out/>
  <testcase classname="tests.Sys_UserAdminTest" name="checkAccountClickApproved" time="0.029"/>
  <system-out/>
  <testcase classname="tests.Sys_UserAdminTest" name="clickApprovedSuccess" time="2.213"/>
  <system-out/>
  <testcase classname="tests.Sys_UserAdminTest" name="create1RequiredFieldBlank3" time="0.941"/>
  <system-out/>
  <testcase classname="tests.Sys_UserAdminTest" name="create1RequiredFieldBlank1" time="1.321"/>
  <system-out/>
  <testcase classname="tests.Sys_UserAdminTest" name="createBlankAll" time="1.123"/>
  <system-out/>
  <testcase classname="tests.Sys_UserAdminTest" name="reEnterPasswordDifferentPassword" time="1.211"/>
  <system-out/>
</testsuite> <!-- tests.Sys_UserAdminTest -->
