<?xml version="1.0" encoding="UTF-8"?>
<!-- Generated by org.testng.reporters.JUnitReportReporter -->
<testsuite hostname="DESKTOP-IASR4KE" failures="0" tests="10" name="tests.Cat_ProductManagementTest" time="19.460" errors="0" timestamp="2022-01-21T10:21:46 ICT" skipped="0">
  <testcase classname="tests.Cat_ProductManagementTest" name="addProductFail3" time="1.887"/>
  <system-out/>
  <testcase classname="tests.Cat_ProductManagementTest" name="priceNotCorrect" time="1.848"/>
  <system-out/>
  <testcase classname="tests.Cat_ProductManagementTest" name="deleteProduct" time="2.478"/>
  <system-out/>
  <testcase classname="tests.Cat_ProductManagementTest" name="clickProductManagement" time="0.509"/>
  <system-out/>
  <testcase classname="tests.Cat_ProductManagementTest" name="addProductFail2" time="1.933"/>
  <system-out/>
  <testcase classname="tests.Cat_ProductManagementTest" name="addProductSuccess" time="2.238"/>
  <system-out/>
  <testcase classname="tests.Cat_ProductManagementTest" name="addProductFail4" time="1.959"/>
  <system-out/>
  <testcase classname="tests.Cat_ProductManagementTest" name="editProduct" time="1.908"/>
  <system-out/>
  <testcase classname="tests.Cat_ProductManagementTest" name="productCodeError" time="2.391"/>
  <system-out/>
  <testcase classname="tests.Cat_ProductManagementTest" name="addProductFail1" time="2.309"/>
  <system-out/>
</testsuite> <!-- tests.Cat_ProductManagementTest -->
