<?xml version="1.0" encoding="UTF-8"?>
<!-- Generated by org.testng.reporters.JUnitReportReporter -->
<testsuite hostname="DESKTOP-IASR4KE" failures="0" tests="2" name="tests.InvM_InvoiceListTest" time="29.911" errors="0" timestamp="2022-03-09T10:33:14 ICT" skipped="0">
  <testcase classname="tests.InvM_InvoiceListTest" name="clickInvoiceManagement" time="0.107"/>
  <system-out/>
  <testcase classname="tests.InvM_InvoiceListTest" name="phathanhthanhcongtatcahd" time="29.804"/>
  <system-out/>
</testsuite> <!-- tests.InvM_InvoiceListTest -->
