<?xml version="1.0" encoding="UTF-8"?>
<!-- Generated by org.testng.reporters.JUnitReportReporter -->
<testsuite hostname="DESKTOP-IASR4KE" failures="0" tests="1" name="tests.InvM_InvoiceListTest" time="0.105" errors="0" timestamp="2022-02-16T16:06:44 ICT" skipped="0">
  <testcase classname="tests.InvM_InvoiceListTest" name="clickInvoiceManagement" time="0.105"/>
  <system-out/>
</testsuite> <!-- tests.InvM_InvoiceListTest -->
