<?xml version="1.0" encoding="UTF-8"?>
<!-- Generated by org.testng.reporters.JUnitReportReporter -->
<testsuite hostname="DESKTOP-IASR4KE" failures="0" tests="10" name="tests.Cat_CustomerTest" time="21.817" errors="0" timestamp="2022-01-20T15:08:19 ICT" skipped="0">
  <testcase classname="tests.Cat_CustomerTest" name="clickCategory" time="0.110"/>
  <system-out/>
  <testcase classname="tests.Cat_CustomerTest" name="create1RequiredFieldBlank2" time="2.502"/>
  <system-out/>
  <testcase classname="tests.Cat_CustomerTest" name="createBlankAll" time="2.683"/>
  <system-out/>
  <testcase classname="tests.Cat_CustomerTest" name="editCustomer" time="4.178"/>
  <system-out/>
  <testcase classname="tests.Cat_CustomerTest" name="clickCustomer" time="0.800"/>
  <system-out/>
  <testcase classname="tests.Cat_CustomerTest" name="create1RequiredFieldBlank1" time="2.509"/>
  <system-out/>
  <testcase classname="tests.Cat_CustomerTest" name="checkCustomer" time="0.034"/>
  <system-out/>
  <testcase classname="tests.Cat_CustomerTest" name="deleteCustomer" time="3.536"/>
  <system-out/>
  <testcase classname="tests.Cat_CustomerTest" name="create1RequiredFieldBlank3" time="2.402"/>
  <system-out/>
  <testcase classname="tests.Cat_CustomerTest" name="createCustomerSuccess" time="3.063"/>
  <system-out/>
</testsuite> <!-- tests.Cat_CustomerTest -->
