<?xml version="1.0" encoding="UTF-8"?>
<!-- Generated by org.testng.reporters.JUnitReportReporter -->
<testsuite hostname="DESKTOP-IASR4KE" failures="0" tests="3" name="tests.Sys_UnitInforTest" time="8.196" errors="0" timestamp="2022-01-20T14:33:24 ICT" skipped="0">
  <testcase classname="tests.Sys_UnitInforTest" name="clickSystem" time="0.107"/>
  <system-out/>
  <testcase classname="tests.Sys_UnitInforTest" name="backunitInformation" time="2.670"/>
  <system-out/>
  <testcase classname="tests.Sys_UnitInforTest" name="editUnitInformationSuccess" time="5.419"/>
  <system-out/>
</testsuite> <!-- tests.Sys_UnitInforTest -->
