<?xml version="1.0" encoding="UTF-8"?>
<!-- Generated by org.testng.reporters.JUnitReportReporter -->
<testsuite hostname="DESKTOP-IASR4KE" failures="0" tests="1" name="tests.InvM_InvoiceListTest" time="2.110" errors="0" timestamp="2022-04-14T15:13:54 ICT" skipped="0">
  <testcase classname="tests.InvM_InvoiceListTest" name="clickInvoiceManagement" time="2.110"/>
  <system-out/>
</testsuite> <!-- tests.InvM_InvoiceListTest -->
