<?xml version="1.0" encoding="UTF-8"?>
<!-- Generated by org.testng.reporters.JUnitReportReporter -->
<testsuite hostname="DESKTOP-IASR4KE" failures="0" tests="1" name="tests.XuLyHD_HDThayTheTest" time="0.089" errors="0" timestamp="2022-03-24T10:56:02 ICT" skipped="0">
  <testcase classname="tests.XuLyHD_HDThayTheTest" name="clickXuLyHoaDon" time="0.089"/>
  <system-out/>
</testsuite> <!-- tests.XuLyHD_HDThayTheTest -->
