<?xml version="1.0" encoding="UTF-8"?>
<!-- Generated by org.testng.reporters.JUnitReportReporter -->
<testsuite hostname="DESKTOP-IASR4KE" failures="0" tests="3" name="tests.InvM_InvoiceListTest" time="49.818" errors="0" timestamp="2022-02-24T11:48:50 ICT" skipped="0">
  <testcase classname="tests.InvM_InvoiceListTest" name="xoahoadon" time="3.819"/>
  <system-out/>
  <testcase classname="tests.InvM_InvoiceListTest" name="suahoadon" time="45.912"/>
  <system-out/>
  <testcase classname="tests.InvM_InvoiceListTest" name="clickInvoiceManagement" time="0.087"/>
  <system-out/>
</testsuite> <!-- tests.InvM_InvoiceListTest -->
