<?xml version="1.0" encoding="UTF-8"?>
<!-- Generated by org.testng.reporters.JUnitReportReporter -->
<testsuite hostname="DESKTOP-IASR4KE" failures="0" tests="2" name="tests.InvM_InvoiceListTest" time="8.235" errors="0" timestamp="2022-02-09T15:42:01 ICT" skipped="0">
  <testcase classname="tests.InvM_InvoiceListTest" name="clickInvoiceManagement" time="0.086"/>
  <system-out/>
  <testcase classname="tests.InvM_InvoiceListTest" name="laphoadonSuccess" time="8.149"/>
  <system-out/>
</testsuite> <!-- tests.InvM_InvoiceListTest -->
