<?xml version="1.0" encoding="UTF-8"?>
<!-- Generated by org.testng.reporters.JUnitReportReporter -->
<testsuite hostname="DESKTOP-IASR4KE" failures="0" tests="3" name="tests.Rep_BangKeChiTietTest" time="70.467" errors="0" timestamp="2022-03-23T15:11:23 ICT" skipped="0">
  <testcase classname="tests.Rep_BangKeChiTietTest" name="checkThongTinChungBCBangKeChiTiet" time="1.795"/>
  <system-out/>
  <testcase classname="tests.Rep_BangKeChiTietTest" name="checkTongTienBCBangKeChiTiet" time="32.370"/>
  <system-out/>
  <testcase classname="tests.Rep_BangKeChiTietTest" name="checkSoLuongHDBaoCaoVaDanhSachHD" time="36.302"/>
  <system-out/>
</testsuite> <!-- tests.Rep_BangKeChiTietTest -->
