<?xml version="1.0" encoding="UTF-8"?>
<!-- Generated by org.testng.reporters.JUnitReportReporter -->
<testsuite hostname="DESKTOP-IASR4KE" failures="0" tests="1" name="tests.DK_DangKySuDungTest" time="0.130" errors="0" timestamp="2022-01-24T14:58:13 ICT" skipped="0">
  <testcase classname="tests.DK_DangKySuDungTest" name="clickCatDangKySuDung" time="0.130"/>
  <system-out/>
</testsuite> <!-- tests.DK_DangKySuDungTest -->
