<?xml version="1.0" encoding="UTF-8"?>
<!-- Generated by org.testng.reporters.JUnitReportReporter -->
<testsuite hostname="DESKTOP-IASR4KE" failures="0" tests="6" name="tests.InvM_InvoiceListTest" time="207.095" errors="0" timestamp="2022-02-11T11:53:43 ICT" skipped="0">
  <testcase classname="tests.InvM_InvoiceListTest" name="laphoadonthue5" time="35.581"/>
  <system-out/>
  <testcase classname="tests.InvM_InvoiceListTest" name="laphoadonkhongchiuthue" time="36.160"/>
  <system-out/>
  <testcase classname="tests.InvM_InvoiceListTest" name="clickInvoiceManagement" time="0.096"/>
  <system-out/>
  <testcase classname="tests.InvM_InvoiceListTest" name="laphoadonthue0" time="35.589"/>
  <system-out/>
  <testcase classname="tests.InvM_InvoiceListTest" name="laphoadonnhieudongSuccess" time="64.173"/>
  <system-out/>
  <testcase classname="tests.InvM_InvoiceListTest" name="laphoadonthue10" time="35.496"/>
  <system-out/>
</testsuite> <!-- tests.InvM_InvoiceListTest -->
