<?xml version="1.0" encoding="UTF-8"?>
<!-- Generated by org.testng.reporters.JUnitReportReporter -->
<testsuite hostname="DESKTOP-IASR4KE" failures="0" tests="1" name="tests.InvM_InvoiceListTest" time="0.093" errors="0" timestamp="2022-03-16T16:11:57 ICT" skipped="0">
  <testcase classname="tests.InvM_InvoiceListTest" name="clickInvoiceManagement" time="0.093"/>
  <system-out/>
</testsuite> <!-- tests.InvM_InvoiceListTest -->
