<?xml version="1.0" encoding="UTF-8"?>
<!-- Generated by org.testng.reporters.JUnitReportReporter -->
<testsuite hostname="DESKTOP-IASR4KE" failures="0" tests="13" name="tests.Sys_UserAdminTest" time="23.101" errors="0" timestamp="2022-01-20T14:33:24 ICT" skipped="0">
  <testcase classname="tests.Sys_UserAdminTest" name="create1RequiredFieldBlank2" time="2.032"/>
  <system-out/>
  <testcase classname="tests.Sys_UserAdminTest" name="clickUserAdministration" time="0.639"/>
  <system-out/>
  <testcase classname="tests.Sys_UserAdminTest" name="checkAccountClickApproved" time="0.031"/>
  <system-out/>
  <testcase classname="tests.Sys_UserAdminTest" name="create1RequiredFieldBlank1" time="2.444"/>
  <system-out/>
  <testcase classname="tests.Sys_UserAdminTest" name="clickApprovedSuccess" time="2.928"/>
  <system-out/>
  <testcase classname="tests.Sys_UserAdminTest" name="editAccountSuccess" time="1.917"/>
  <system-out/>
  <testcase classname="tests.Sys_UserAdminTest" name="notClickApprovedSuccess" time="2.063"/>
  <system-out/>
  <testcase classname="tests.Sys_UserAdminTest" name="create1RequiredFieldBlank4" time="1.992"/>
  <system-out/>
  <testcase classname="tests.Sys_UserAdminTest" name="reEnterPasswordDifferentPassword" time="2.215"/>
  <system-out/>
  <testcase classname="tests.Sys_UserAdminTest" name="createBlankAll" time="2.162"/>
  <system-out/>
  <testcase classname="tests.Sys_UserAdminTest" name="checkAccountNotClickApproved" time="0.041"/>
  <system-out/>
  <testcase classname="tests.Sys_UserAdminTest" name="create1RequiredFieldBlank3" time="2.103"/>
  <system-out/>
  <testcase classname="tests.Sys_UserAdminTest" name="deleteSuccess" time="2.534"/>
  <system-out/>
</testsuite> <!-- tests.Sys_UserAdminTest -->
