<?xml version="1.0" encoding="UTF-8"?>
<!-- Generated by org.testng.reporters.JUnitReportReporter -->
<testsuite hostname="DESKTOP-IASR4KE" failures="0" tests="1" name="tests.Rep_BangKeHDTest" time="62.545" errors="0" timestamp="2022-03-18T17:05:15 ICT" skipped="0">
  <testcase classname="tests.Rep_BangKeHDTest" name="checkBaocaoBangKeHD" time="62.545"/>
  <system-out/>
</testsuite> <!-- tests.Rep_BangKeHDTest -->
