<?xml version="1.0" encoding="UTF-8"?>
<!-- Generated by org.testng.reporters.JUnitReportReporter -->
<testsuite hostname="DESKTOP-IASR4KE" failures="0" tests="1" name="tests.Cat_CustomerTest" time="0.088" errors="0" timestamp="2022-03-15T16:29:50 ICT" skipped="0">
  <testcase classname="tests.Cat_CustomerTest" name="clickCategory" time="0.088"/>
  <system-out/>
</testsuite> <!-- tests.Cat_CustomerTest -->
